<?xml version="1.0" encoding="UTF-8"?>
<testng-results ignored="0" total="4" passed="4" failed="0" skipped="0">
  <reporter-output>
  </reporter-output>
  <suite started-at="2024-01-11T16:21:39 IST" name="Suite" finished-at="2024-01-11T16:21:39 IST" duration-ms="133">
    <groups>
    </groups>
    <test started-at="2024-01-11T16:21:39 IST" name="Test" finished-at="2024-01-11T16:21:39 IST" duration-ms="133">
      <class name="Java1.Demo1.Tc1">
        <test-method is-config="true" signature="Beforetest()[pri:0, instance:Java1.Demo1.Tc1@1807f5a7]" started-at="2024-01-11T16:21:39 IST" name="Beforetest" finished-at="2024-01-11T16:21:39 IST" duration-ms="1" status="PASS">
          <reporter-output>
          </reporter-output>
        </test-method> <!-- Beforetest -->
        <test-method is-config="true" signature="beforeMethod()[pri:0, instance:Java1.Demo1.Tc1@1807f5a7]" started-at="2024-01-11T16:21:39 IST" name="beforeMethod" finished-at="2024-01-11T16:21:39 IST" duration-ms="1" status="PASS">
          <reporter-output>
          </reporter-output>
        </test-method> <!-- beforeMethod -->
        <test-method is-config="true" signature="beforeclass()[pri:0, instance:Java1.Demo1.Tc1@1807f5a7]" started-at="2024-01-11T16:21:39 IST" name="beforeclass" finished-at="2024-01-11T16:21:39 IST" duration-ms="0" status="PASS">
          <reporter-output>
          </reporter-output>
        </test-method> <!-- beforeclass -->
        <test-method signature="test1()[pri:0, instance:Java1.Demo1.Tc1@1807f5a7]" started-at="2024-01-11T16:21:39 IST" name="test1" finished-at="2024-01-11T16:21:39 IST" duration-ms="2" status="PASS">
          <reporter-output>
          </reporter-output>
        </test-method> <!-- test1 -->
        <test-method is-config="true" signature="afterMethod()[pri:0, instance:Java1.Demo1.Tc1@1807f5a7]" started-at="2024-01-11T16:21:39 IST" name="afterMethod" finished-at="2024-01-11T16:21:39 IST" duration-ms="1" status="PASS">
          <reporter-output>
          </reporter-output>
        </test-method> <!-- afterMethod -->
        <test-method is-config="true" signature="beforeMethod()[pri:0, instance:Java1.Demo1.Tc1@1807f5a7]" started-at="2024-01-11T16:21:39 IST" name="beforeMethod" finished-at="2024-01-11T16:21:39 IST" duration-ms="1" status="PASS">
          <reporter-output>
          </reporter-output>
        </test-method> <!-- beforeMethod -->
        <test-method signature="test2()[pri:0, instance:Java1.Demo1.Tc1@1807f5a7]" started-at="2024-01-11T16:21:39 IST" name="test2" finished-at="2024-01-11T16:21:39 IST" duration-ms="4" status="PASS">
          <reporter-output>
          </reporter-output>
        </test-method> <!-- test2 -->
        <test-method is-config="true" signature="afterMethod()[pri:0, instance:Java1.Demo1.Tc1@1807f5a7]" started-at="2024-01-11T16:21:39 IST" name="afterMethod" finished-at="2024-01-11T16:21:39 IST" duration-ms="2" status="PASS">
          <reporter-output>
          </reporter-output>
        </test-method> <!-- afterMethod -->
        <test-method is-config="true" signature="afterclass()[pri:0, instance:Java1.Demo1.Tc1@1807f5a7]" started-at="2024-01-11T16:21:39 IST" name="afterclass" finished-at="2024-01-11T16:21:39 IST" duration-ms="0" status="PASS">
          <reporter-output>
          </reporter-output>
        </test-method> <!-- afterclass -->
        <test-method is-config="true" signature="Aftertest()[pri:0, instance:Java1.Demo1.Tc1@1807f5a7]" started-at="2024-01-11T16:21:39 IST" name="Aftertest" finished-at="2024-01-11T16:21:39 IST" duration-ms="0" status="PASS">
          <reporter-output>
          </reporter-output>
        </test-method> <!-- Aftertest -->
      </class> <!-- Java1.Demo1.Tc1 -->
      <class name="Java1.Demo1.Tc2">
        <test-method is-config="true" signature="Beforesuite()[pri:0, instance:Java1.Demo1.Tc2@1500b2f3]" started-at="2024-01-11T16:21:39 IST" name="Beforesuite" finished-at="2024-01-11T16:21:39 IST" duration-ms="7" status="PASS">
          <reporter-output>
          </reporter-output>
        </test-method> <!-- Beforesuite -->
        <test-method is-config="true" signature="beforeclass()[pri:0, instance:Java1.Demo1.Tc2@1500b2f3]" started-at="2024-01-11T16:21:39 IST" name="beforeclass" finished-at="2024-01-11T16:21:39 IST" duration-ms="1" status="PASS">
          <reporter-output>
          </reporter-output>
        </test-method> <!-- beforeclass -->
        <test-method is-config="true" signature="beforeMethod()[pri:0, instance:Java1.Demo1.Tc2@1500b2f3]" started-at="2024-01-11T16:21:39 IST" name="beforeMethod" finished-at="2024-01-11T16:21:39 IST" duration-ms="1" status="PASS">
          <reporter-output>
          </reporter-output>
        </test-method> <!-- beforeMethod -->
        <test-method signature="test3()[pri:0, instance:Java1.Demo1.Tc2@1500b2f3]" started-at="2024-01-11T16:21:39 IST" name="test3" finished-at="2024-01-11T16:21:39 IST" duration-ms="33" status="PASS">
          <reporter-output>
          </reporter-output>
        </test-method> <!-- test3 -->
        <test-method is-config="true" signature="afterMethod()[pri:0, instance:Java1.Demo1.Tc2@1500b2f3]" started-at="2024-01-11T16:21:39 IST" name="afterMethod" finished-at="2024-01-11T16:21:39 IST" duration-ms="1" status="PASS">
          <reporter-output>
          </reporter-output>
        </test-method> <!-- afterMethod -->
        <test-method is-config="true" signature="beforeMethod()[pri:0, instance:Java1.Demo1.Tc2@1500b2f3]" started-at="2024-01-11T16:21:39 IST" name="beforeMethod" finished-at="2024-01-11T16:21:39 IST" duration-ms="1" status="PASS">
          <reporter-output>
          </reporter-output>
        </test-method> <!-- beforeMethod -->
        <test-method signature="test4()[pri:0, instance:Java1.Demo1.Tc2@1500b2f3]" started-at="2024-01-11T16:21:39 IST" name="test4" finished-at="2024-01-11T16:21:39 IST" duration-ms="2" status="PASS">
          <reporter-output>
          </reporter-output>
        </test-method> <!-- test4 -->
        <test-method is-config="true" signature="afterMethod()[pri:0, instance:Java1.Demo1.Tc2@1500b2f3]" started-at="2024-01-11T16:21:39 IST" name="afterMethod" finished-at="2024-01-11T16:21:39 IST" duration-ms="1" status="PASS">
          <reporter-output>
          </reporter-output>
        </test-method> <!-- afterMethod -->
        <test-method is-config="true" signature="afterclass()[pri:0, instance:Java1.Demo1.Tc2@1500b2f3]" started-at="2024-01-11T16:21:39 IST" name="afterclass" finished-at="2024-01-11T16:21:39 IST" duration-ms="1" status="PASS">
          <reporter-output>
          </reporter-output>
        </test-method> <!-- afterclass -->
        <test-method is-config="true" signature="Aftersuite()[pri:0, instance:Java1.Demo1.Tc2@1500b2f3]" started-at="2024-01-11T16:21:39 IST" name="Aftersuite" finished-at="2024-01-11T16:21:39 IST" duration-ms="0" status="PASS">
          <reporter-output>
          </reporter-output>
        </test-method> <!-- Aftersuite -->
      </class> <!-- Java1.Demo1.Tc2 -->
    </test> <!-- Test -->
  </suite> <!-- Suite -->
</testng-results>
