<?xml version="1.0" encoding="UTF-8"?>
<!-- Generated by org.testng.reporters.JUnitXMLReporter -->
<testsuite ignored="0" hostname="DESKTOP-AGOQQT3" failures="0" tests="4" name="Test" time="0.133" errors="0" timestamp="2024-01-11T16:21:39 IST">
  <testcase classname="Java1.Demo1.Tc2" name="test3" time="0.033"/>
  <testcase classname="Java1.Demo1.Tc2" name="test4" time="0.002"/>
  <testcase classname="Java1.Demo1.Tc1" name="test1" time="0.002"/>
  <testcase classname="Java1.Demo1.Tc1" name="test2" time="0.004"/>
</testsuite> <!-- Test -->
